<?xml version="1.0" encoding="UTF-8"?>
<testng-results skipped="0" failed="0" ignored="0" total="1" passed="1">
  <reporter-output>
  </reporter-output>
  <suite name="Default suite" duration-ms="170846" started-at="2018-10-19T10:15:21Z" finished-at="2018-10-19T10:18:12Z">
    <groups>
    </groups>
    <test name="Default test" duration-ms="170846" started-at="2018-10-19T10:15:21Z" finished-at="2018-10-19T10:18:12Z">
      <class name="automationFramework.inviteParticipantToTransaction">
        <test-method status="PASS" signature="beforeMethod()[pri:0, instance:automationFramework.inviteParticipantToTransaction@8bd1b6a]" name="beforeMethod" is-config="true" duration-ms="9333" started-at="2018-10-19T10:15:21Z" finished-at="2018-10-19T10:15:30Z">
          <reporter-output>
          </reporter-output>
        </test-method> <!-- beforeMethod -->
        <test-method status="PASS" signature="testInviteParticipants(java.lang.String)[pri:0, instance:automationFramework.inviteParticipantToTransaction@8bd1b6a]" name="testInviteParticipants" duration-ms="161126" started-at="2018-10-19T10:15:30Z" data-provider="invite_participant_deal" finished-at="2018-10-19T10:18:11Z">
          <params>
            <param index="0">
              <value>
                <![CDATA[Investor]]>
              </value>
            </param>
          </params>
          <reporter-output>
          </reporter-output>
        </test-method> <!-- testInviteParticipants -->
        <test-method status="PASS" signature="afterMethod()[pri:0, instance:automationFramework.inviteParticipantToTransaction@8bd1b6a]" name="afterMethod" is-config="true" duration-ms="367" started-at="2018-10-19T10:18:11Z" finished-at="2018-10-19T10:18:12Z">
          <reporter-output>
          </reporter-output>
        </test-method> <!-- afterMethod -->
      </class> <!-- automationFramework.inviteParticipantToTransaction -->
    </test> <!-- Default test -->
  </suite> <!-- Default suite -->
</testng-results>
