<?xml version="1.0" encoding="UTF-8"?>
<testng-results skipped="0" failed="1" ignored="0" total="1" passed="0">
  <reporter-output>
  </reporter-output>
  <suite name="Default suite" duration-ms="123970" started-at="2018-10-07T02:39:34Z" finished-at="2018-10-07T02:41:38Z">
    <groups>
    </groups>
    <test name="Default test" duration-ms="123970" started-at="2018-10-07T02:39:34Z" finished-at="2018-10-07T02:41:38Z">
      <class name="automationFramework.TestNG_Framework">
        <test-method status="PASS" signature="beforeSuite()[pri:0, instance:automationFramework.TestNG_Framework@55f3ddb1]" name="beforeSuite" is-config="true" duration-ms="8" started-at="2018-10-07T02:39:34Z" finished-at="2018-10-07T02:39:34Z">
          <reporter-output>
          </reporter-output>
        </test-method> <!-- beforeSuite -->
        <test-method status="PASS" signature="beforeTest()[pri:0, instance:automationFramework.TestNG_Framework@55f3ddb1]" name="beforeTest" is-config="true" duration-ms="93555" started-at="2018-10-07T02:39:34Z" finished-at="2018-10-07T02:41:07Z">
          <reporter-output>
          </reporter-output>
        </test-method> <!-- beforeTest -->
        <test-method status="PASS" signature="beforeClass()[pri:0, instance:automationFramework.TestNG_Framework@55f3ddb1]" name="beforeClass" is-config="true" duration-ms="0" started-at="2018-10-07T02:41:07Z" finished-at="2018-10-07T02:41:07Z">
          <reporter-output>
          </reporter-output>
        </test-method> <!-- beforeClass -->
        <test-method status="PASS" signature="beforeMethod()[pri:0, instance:automationFramework.TestNG_Framework@55f3ddb1]" name="beforeMethod" is-config="true" duration-ms="1" started-at="2018-10-07T02:41:07Z" finished-at="2018-10-07T02:41:07Z">
          <reporter-output>
          </reporter-output>
        </test-method> <!-- beforeMethod -->
        <test-method status="FAIL" signature="main()[pri:0, instance:automationFramework.TestNG_Framework@55f3ddb1]" name="main" duration-ms="30034" started-at="2018-10-07T02:41:07Z" finished-at="2018-10-07T02:41:37Z">
          <exception class="java.lang.NullPointerException">
            <full-stacktrace>
              <![CDATA[java.lang.NullPointerException
at pageObjects.Login.signIn(Login.java:31)
at automationFramework.createBoardConsent.Execute(createBoardConsent.java:19)
at automationFramework.testSuite.main(testSuite.java:15)
at automationFramework.TestNG_Framework.main(TestNG_Framework.java:23)
at sun.reflect.NativeMethodAccessorImpl.invoke0(Native Method)
at sun.reflect.NativeMethodAccessorImpl.invoke(NativeMethodAccessorImpl.java:62)
at sun.reflect.DelegatingMethodAccessorImpl.invoke(DelegatingMethodAccessorImpl.java:43)
at java.lang.reflect.Method.invoke(Method.java:498)
at org.testng.internal.MethodInvocationHelper.invokeMethod(MethodInvocationHelper.java:124)
at org.testng.internal.Invoker.invokeMethod(Invoker.java:580)
at org.testng.internal.Invoker.invokeTestMethod(Invoker.java:716)
at org.testng.internal.Invoker.invokeTestMethods(Invoker.java:988)
at org.testng.internal.TestMethodWorker.invokeTestMethods(TestMethodWorker.java:125)
at org.testng.internal.TestMethodWorker.run(TestMethodWorker.java:109)
at org.testng.TestRunner.privateRun(TestRunner.java:648)
at org.testng.TestRunner.run(TestRunner.java:505)
at org.testng.SuiteRunner.runTest(SuiteRunner.java:455)
at org.testng.SuiteRunner.runSequentially(SuiteRunner.java:450)
at org.testng.SuiteRunner.privateRun(SuiteRunner.java:415)
at org.testng.SuiteRunner.run(SuiteRunner.java:364)
at org.testng.SuiteRunnerWorker.runSuite(SuiteRunnerWorker.java:52)
at org.testng.SuiteRunnerWorker.run(SuiteRunnerWorker.java:84)
at org.testng.TestNG.runSuitesSequentially(TestNG.java:1208)
at org.testng.TestNG.runSuitesLocally(TestNG.java:1137)
at org.testng.TestNG.runSuites(TestNG.java:1049)
at org.testng.TestNG.run(TestNG.java:1017)
at org.testng.remote.AbstractRemoteTestNG.run(AbstractRemoteTestNG.java:114)
at org.testng.remote.RemoteTestNG.initAndRun(RemoteTestNG.java:251)
at org.testng.remote.RemoteTestNG.main(RemoteTestNG.java:77)
]]>
            </full-stacktrace>
          </exception> <!-- java.lang.NullPointerException -->
          <reporter-output>
          </reporter-output>
        </test-method> <!-- main -->
        <test-method status="PASS" signature="afterMethod()[pri:0, instance:automationFramework.TestNG_Framework@55f3ddb1]" name="afterMethod" is-config="true" duration-ms="0" started-at="2018-10-07T02:41:37Z" finished-at="2018-10-07T02:41:37Z">
          <reporter-output>
          </reporter-output>
        </test-method> <!-- afterMethod -->
        <test-method status="PASS" signature="afterClass()[pri:0, instance:automationFramework.TestNG_Framework@55f3ddb1]" name="afterClass" is-config="true" duration-ms="1" started-at="2018-10-07T02:41:37Z" finished-at="2018-10-07T02:41:37Z">
          <reporter-output>
          </reporter-output>
        </test-method> <!-- afterClass -->
        <test-method status="PASS" signature="afterTest()[pri:0, instance:automationFramework.TestNG_Framework@55f3ddb1]" name="afterTest" is-config="true" duration-ms="358" started-at="2018-10-07T02:41:37Z" finished-at="2018-10-07T02:41:38Z">
          <reporter-output>
          </reporter-output>
        </test-method> <!-- afterTest -->
        <test-method status="PASS" signature="afterSuite()[pri:0, instance:automationFramework.TestNG_Framework@55f3ddb1]" name="afterSuite" is-config="true" duration-ms="1" started-at="2018-10-07T02:41:38Z" finished-at="2018-10-07T02:41:38Z">
          <reporter-output>
          </reporter-output>
        </test-method> <!-- afterSuite -->
      </class> <!-- automationFramework.TestNG_Framework -->
    </test> <!-- Default test -->
  </suite> <!-- Default suite -->
</testng-results>
